\BOOKMARK [0][-]{chapter*.1}{\376\377\000A\000c\000k\000n\000o\000w\000l\000e\000d\000g\000e\000m\000e\000n\000t\000s}{}% 1
\BOOKMARK [0][-]{chapter*.5}{\376\377\000I\000n\000t\000r\000o\000d\000u\000c\000t\000i\000o\000n}{}% 2
\BOOKMARK [0][-]{chapter*.6}{\376\377\000L\000i\000t\000e\000r\000a\000t\000u\000r\000e\000\040\000R\000e\000v\000i\000e\000w}{}% 3
\BOOKMARK [1][-]{section.0.1}{\376\377\000N\000a\000v\000i\000e\000r\000-\000S\000t\000o\000k\000e\000s\000\040\000e\000q\000u\000a\000t\000i\000o\000n\000s}{chapter*.6}% 4
\BOOKMARK [1][-]{section.0.2}{\376\377\000O\000p\000e\000n\000F\000O\000A\000M}{chapter*.6}% 5
\BOOKMARK [1][-]{section.0.3}{\376\377\000T\000h\000e\000\040\000F\000i\000n\000i\000t\000e\000\040\000V\000o\000l\000u\000m\000e\000\040\000M\000e\000t\000h\000o\000d}{chapter*.6}% 6
\BOOKMARK [1][-]{section.0.4}{\376\377\000I\000n\000t\000e\000r\000p\000o\000l\000a\000t\000i\000o\000n\000\040\000S\000c\000h\000e\000m\000e\000s}{chapter*.6}% 7
\BOOKMARK [2][-]{subsection.0.4.1}{\376\377\000S\000p\000a\000t\000i\000a\000l\000\040\000D\000i\000s\000c\000r\000e\000t\000i\000z\000a\000t\000i\000o\000n\000:\000\040\000A\000p\000p\000r\000o\000x\000i\000m\000a\000t\000i\000n\000g\000\040\000D\000e\000r\000i\000v\000a\000t\000i\000v\000e\000s\000\040\000a\000n\000d\000\040\000F\000l\000u\000x\000e\000s}{section.0.4}% 8
\BOOKMARK [2][-]{subsection.0.4.2}{\376\377\000F\000l\000u\000x\000\040\000S\000p\000l\000i\000t\000t\000i\000n\000g\000\040\000S\000c\000h\000e\000m\000e\000s}{section.0.4}% 9
\BOOKMARK [2][-]{subsection.0.4.3}{\376\377\000T\000h\000e\000\040\000A\000U\000S\000M\000\040\000S\000c\000h\000e\000m\000e}{section.0.4}% 10
\BOOKMARK [2][-]{subsection.0.4.4}{\376\377\000T\000h\000e\000\040\000A\000U\000S\000M\000+\000\040\000S\000c\000h\000e\000m\000e}{section.0.4}% 11
\BOOKMARK [2][-]{subsection.0.4.5}{\376\377\000T\000h\000e\000\040\000A\000U\000S\000M\000+\000-\000u\000p\000\040\000S\000c\000h\000e\000m\000e}{section.0.4}% 12
\BOOKMARK [2][-]{subsection.0.4.6}{\376\377\000S\000h\000o\000c\000k\000\040\000C\000a\000p\000t\000u\000r\000i\000n\000g\000\040\000S\000c\000h\000e\000m\000e\000s}{section.0.4}% 13
\BOOKMARK [2][-]{subsection.0.4.7}{\376\377\000T\000e\000m\000p\000o\000r\000a\000l\000\040\000D\000i\000s\000c\000r\000e\000t\000i\000z\000a\000t\000i\000o\000n\000:\000\040\000A\000d\000v\000a\000n\000c\000i\000n\000g\000\040\000t\000h\000e\000\040\000S\000o\000l\000u\000t\000i\000o\000n\000\040\000i\000n\000\040\000T\000i\000m\000e}{section.0.4}% 14
\BOOKMARK [1][-]{section.0.5}{\376\377\000O\000p\000e\000n\000F\000O\000A\000M\000\040\000s\000o\000l\000v\000e\000r\000s}{chapter*.6}% 15
\BOOKMARK [1][-]{section.0.6}{\376\377\000C\000F\000D\000\040\000M\000e\000t\000h\000o\000d\000o\000l\000o\000g\000i\000e\000s}{chapter*.6}% 16
\BOOKMARK [2][-]{subsection.0.6.1}{\376\377\000R\000e\000y\000n\000o\000l\000d\000s\000-\000A\000v\000e\000r\000a\000g\000e\000d\000\040\000N\000a\000v\000i\000e\000r\000-\000S\000t\000o\000k\000e\000s\000\040\000\050\000R\000A\000N\000S\000\051}{section.0.6}% 17
\BOOKMARK [2][-]{subsection.0.6.2}{\376\377\000R\000A\000N\000S\000\040\000c\000l\000o\000s\000u\000r\000e\000\040\000m\000o\000d\000e\000l\000i\000n\000g}{section.0.6}% 18
\BOOKMARK [2][-]{subsection.0.6.3}{\376\377\000U\000n\000s\000t\000e\000a\000d\000y\000\040\000R\000A\000N\000S\000\040\000\050\000U\000R\000A\000N\000S\000\051}{section.0.6}% 19
\BOOKMARK [2][-]{subsection.0.6.4}{\376\377\000L\000a\000r\000g\000e\000\040\000E\000d\000d\000y\000\040\000S\000i\000m\000u\000l\000a\000t\000i\000o\000n\000\040\000\050\000L\000E\000S\000\051}{section.0.6}% 20
\BOOKMARK [2][-]{subsection.0.6.5}{\376\377\000D\000e\000t\000a\000c\000h\000e\000d\000\040\000E\000d\000d\000y\000\040\000S\000i\000m\000u\000l\000a\000t\000i\000o\000n\000\040\000\050\000D\000E\000S\000\051}{section.0.6}% 21
\BOOKMARK [2][-]{subsection.0.6.6}{\376\377\000D\000i\000r\000e\000c\000t\000\040\000N\000u\000m\000e\000r\000i\000c\000a\000l\000\040\000S\000i\000m\000u\000l\000a\000t\000i\000o\000n\000\040\000\050\000D\000N\000S\000\051}{section.0.6}% 22
\BOOKMARK [2][-]{subsection.0.6.7}{\376\377\000G\000r\000i\000d\000\040\000R\000e\000s\000o\000l\000u\000t\000i\000o\000n\000\040\000R\000e\000q\000u\000i\000r\000e\000m\000e\000n\000t\000s}{section.0.6}% 23
\BOOKMARK [2][-]{subsection.0.6.8}{\376\377\000C\000o\000m\000p\000u\000t\000a\000t\000i\000o\000n\000a\000l\000\040\000C\000o\000s\000t}{section.0.6}% 24
\BOOKMARK [0][-]{chapter*.35}{\376\377\000M\000e\000t\000h\000o\000d\000o\000l\000o\000g\000y}{}% 25
\BOOKMARK [1][-]{section.0.7}{\376\377\000r\000h\000o\000E\000n\000e\000r\000g\000y\000F\000O\000A\000M}{chapter*.35}% 26
\BOOKMARK [0][-]{chapter*.36}{\376\377\000R\000e\000s\000u\000l\000t\000s}{}% 27
\BOOKMARK [1][-]{subsection.0.7.1}{\376\377\000A\000n\000a\000l\000i\000s\000i\000\040\000d\000e\000i\000\040\000c\000a\000s\000i}{chapter*.36}% 28
\BOOKMARK [2][-]{subsection.0.7.2}{\376\377\000T\000a\000y\000l\000o\000r\000-\000G\000r\000e\000e\000n\000\040\000V\000o\000r\000t\000e\000x}{subsection.0.7.1}% 29
\BOOKMARK [2][-]{subsection.0.7.3}{\376\377\000F\000o\000r\000w\000a\000r\000d\000\040\000S\000t\000e\000p}{subsection.0.7.1}% 30
\BOOKMARK [2][-]{subsection.0.7.4}{\376\377\000O\000n\000e\000r\000a\000\040\000M\0006}{subsection.0.7.1}% 31
\BOOKMARK [2][-]{subsection.0.7.5}{\376\377\000R\000A\000N\000S\000\040\000a\000n\000d\000\040\000D\000E\000S\000\040\000o\000f\000\040\000a\000\040\000f\000l\000o\000w\000\040\000p\000a\000s\000t\000\040\000c\000i\000r\000c\000u\000l\000a\000r\000\040\000c\000y\000l\000i\000n\000d\000e\000r}{subsection.0.7.1}% 32
\BOOKMARK [2][-]{subsection.0.7.6}{\376\377\000B\000a\000c\000h\000a\000l\000o\000-\000J\000o\000h\000n\000s\000o\000n}{subsection.0.7.1}% 33
\BOOKMARK [2][-]{subsection.0.7.7}{\376\377\000R\000A\000E\000-\0002\0008\0002\0002}{subsection.0.7.1}% 34
\BOOKMARK [0][-]{chapter*.56}{\376\377\000D\000i\000s\000c\000u\000s\000s\000i\000o\000n}{}% 35
\BOOKMARK [0][-]{chapter*.57}{\376\377\000C\000o\000n\000c\000l\000u\000s\000i\000o\000n\000\040\000a\000n\000d\000\040\000F\000u\000t\000u\000r\000e\000\040\000W\000o\000r\000k}{}% 36
\BOOKMARK [0][-]{section*.58}{\376\377\000B\000i\000b\000l\000i\000o\000g\000r\000a\000p\000h\000y}{}% 37
