This is pdfTeX, Version 3.141592653-2.6-1.40.22 (TeX Live 2022/dev/Debian) (preloaded format=pdflatex 2024.11.13)  24 FEB 2025 00:30
entering extended mode
 restricted \write18 enabled.
 %&-line parsing enabled.
**THESIS_DF.tex
(./THESIS_DF.tex
LaTeX2e <2021-11-15> patch level 1
L3 programming layer <2022-01-21> (./sapthesis.cls
Document Class: sapthesis 2022/07/04 Sapienza University of Rome thesis class
(/usr/share/texlive/texmf-dist/tex/latex/xkeyval/xkeyval.sty
Package: xkeyval 2020/11/20 v2.8 package option processing (HA)

(/usr/share/texlive/texmf-dist/tex/generic/xkeyval/xkeyval.tex
(/usr/share/texlive/texmf-dist/tex/generic/xkeyval/xkvutils.tex
\XKV@toks=\toks16
\XKV@tempa@toks=\toks17

(/usr/share/texlive/texmf-dist/tex/generic/xkeyval/keyval.tex))
\XKV@depth=\count185
File: xkeyval.tex 2014/12/03 v2.7a key=value parser (HA)
))
\SAP@binding=\skip47

(/usr/share/texlive/texmf-dist/tex/latex/base/book.cls
Document Class: book 2021/10/04 v1.4n Standard LaTeX document class
(/usr/share/texlive/texmf-dist/tex/latex/base/bk10.clo
File: bk10.clo 2021/10/04 v1.4n Standard LaTeX file (size option)
)
\c@part=\count186
\c@chapter=\count187
\c@section=\count188
\c@subsection=\count189
\c@subsubsection=\count190
\c@paragraph=\count191
\c@subparagraph=\count192
\c@figure=\count193
\c@table=\count194
\abovecaptionskip=\skip48
\belowcaptionskip=\skip49
\bibindent=\dimen138
)
(/usr/share/texlive/texmf-dist/tex/latex/geometry/geometry.sty
Package: geometry 2020/01/02 v5.9 Page Geometry

(/usr/share/texlive/texmf-dist/tex/generic/iftex/ifvtex.sty
Package: ifvtex 2019/10/25 v1.7 ifvtex legacy package. Use iftex instead.

(/usr/share/texlive/texmf-dist/tex/generic/iftex/iftex.sty
Package: iftex 2020/03/06 v1.0d TeX engine tests
))
\Gm@cnth=\count195
\Gm@cntv=\count196
\c@Gm@tempcnt=\count197
\Gm@bindingoffset=\dimen139
\Gm@wd@mp=\dimen140
\Gm@odd@mp=\dimen141
\Gm@even@mp=\dimen142
\Gm@layoutwidth=\dimen143
\Gm@layoutheight=\dimen144
\Gm@layouthoffset=\dimen145
\Gm@layoutvoffset=\dimen146
\Gm@dimlist=\toks18
)
(/usr/share/texlive/texmf-dist/tex/generic/iftex/ifxetex.sty
Package: ifxetex 2019/10/25 v0.7 ifxetex legacy package. Use iftex instead.
)
(/usr/share/texlive/texmf-dist/tex/latex/base/fontenc.sty
Package: fontenc 2021/04/29 v2.0v Standard LaTeX package
)
(/usr/share/texlive/texmf-dist/tex/latex/base/textcomp.sty
Package: textcomp 2020/02/02 v2.0n Standard LaTeX package
)
(/usr/share/texmf/tex/latex/lm/lmodern.sty
Package: lmodern 2009/10/30 v1.6 Latin Modern Fonts
LaTeX Font Info:    Overwriting symbol font `operators' in version `normal'
(Font)                  OT1/cmr/m/n --> OT1/lmr/m/n on input line 22.
LaTeX Font Info:    Overwriting symbol font `letters' in version `normal'
(Font)                  OML/cmm/m/it --> OML/lmm/m/it on input line 23.
LaTeX Font Info:    Overwriting symbol font `symbols' in version `normal'
(Font)                  OMS/cmsy/m/n --> OMS/lmsy/m/n on input line 24.
LaTeX Font Info:    Overwriting symbol font `largesymbols' in version `normal'
(Font)                  OMX/cmex/m/n --> OMX/lmex/m/n on input line 25.
LaTeX Font Info:    Overwriting symbol font `operators' in version `bold'
(Font)                  OT1/cmr/bx/n --> OT1/lmr/bx/n on input line 26.
LaTeX Font Info:    Overwriting symbol font `letters' in version `bold'
(Font)                  OML/cmm/b/it --> OML/lmm/b/it on input line 27.
LaTeX Font Info:    Overwriting symbol font `symbols' in version `bold'
(Font)                  OMS/cmsy/b/n --> OMS/lmsy/b/n on input line 28.
LaTeX Font Info:    Overwriting symbol font `largesymbols' in version `bold'
(Font)                  OMX/cmex/m/n --> OMX/lmex/m/n on input line 29.
LaTeX Font Info:    Overwriting math alphabet `\mathbf' in version `normal'
(Font)                  OT1/cmr/bx/n --> OT1/lmr/bx/n on input line 31.
LaTeX Font Info:    Overwriting math alphabet `\mathsf' in version `normal'
(Font)                  OT1/cmss/m/n --> OT1/lmss/m/n on input line 32.
LaTeX Font Info:    Overwriting math alphabet `\mathit' in version `normal'
(Font)                  OT1/cmr/m/it --> OT1/lmr/m/it on input line 33.
LaTeX Font Info:    Overwriting math alphabet `\mathtt' in version `normal'
(Font)                  OT1/cmtt/m/n --> OT1/lmtt/m/n on input line 34.
LaTeX Font Info:    Overwriting math alphabet `\mathbf' in version `bold'
(Font)                  OT1/cmr/bx/n --> OT1/lmr/bx/n on input line 35.
LaTeX Font Info:    Overwriting math alphabet `\mathsf' in version `bold'
(Font)                  OT1/cmss/bx/n --> OT1/lmss/bx/n on input line 36.
LaTeX Font Info:    Overwriting math alphabet `\mathit' in version `bold'
(Font)                  OT1/cmr/bx/it --> OT1/lmr/bx/it on input line 37.
LaTeX Font Info:    Overwriting math alphabet `\mathtt' in version `bold'
(Font)                  OT1/cmtt/m/n --> OT1/lmtt/m/n on input line 38.
)
(/usr/share/texlive/texmf-dist/tex/latex/caption/caption.sty
Package: caption 2020/10/26 v3.5g Customizing captions (AR)

(/usr/share/texlive/texmf-dist/tex/latex/caption/caption3.sty
Package: caption3 2020/10/21 v2.2e caption3 kernel (AR)
\captionmargin=\dimen147
\captionmargin@=\dimen148
\captionwidth=\dimen149
\caption@tempdima=\dimen150
\caption@indent=\dimen151
\caption@parindent=\dimen152
\caption@hangindent=\dimen153
Package caption Info: Standard document class detected.
)
\c@caption@flags=\count198
\c@continuedfloat=\count199
)
(/usr/share/texlive/texmf-dist/tex/latex/graphics/graphicx.sty
Package: graphicx 2021/09/16 v1.2d Enhanced LaTeX Graphics (DPC,SPQR)

(/usr/share/texlive/texmf-dist/tex/latex/graphics/graphics.sty
Package: graphics 2021/03/04 v1.4d Standard LaTeX Graphics (DPC,SPQR)

(/usr/share/texlive/texmf-dist/tex/latex/graphics/trig.sty
Package: trig 2021/08/11 v1.11 sin cos tan (DPC)
)
(/usr/share/texlive/texmf-dist/tex/latex/graphics-cfg/graphics.cfg
File: graphics.cfg 2016/06/04 v1.11 sample graphics configuration
)
Package graphics Info: Driver file: pdftex.def on input line 107.

(/usr/share/texlive/texmf-dist/tex/latex/graphics-def/pdftex.def
File: pdftex.def 2020/10/05 v1.2a Graphics/color driver for pdftex
))
\Gin@req@height=\dimen154
\Gin@req@width=\dimen155
)
(/usr/share/texlive/texmf-dist/tex/latex/graphics/color.sty
Package: color 2021/12/07 v1.3c Standard LaTeX Color (DPC)

(/usr/share/texlive/texmf-dist/tex/latex/graphics-cfg/color.cfg
File: color.cfg 2016/01/02 v1.6 sample color configuration
)
Package color Info: Driver file: pdftex.def on input line 149.
)
(/usr/share/texlive/texmf-dist/tex/latex/booktabs/booktabs.sty
Package: booktabs 2020/01/12 v1.61803398 Publication quality tables
\heavyrulewidth=\dimen156
\lightrulewidth=\dimen157
\cmidrulewidth=\dimen158
\belowrulesep=\dimen159
\belowbottomsep=\dimen160
\aboverulesep=\dimen161
\abovetopsep=\dimen162
\cmidrulesep=\dimen163
\cmidrulekern=\dimen164
\defaultaddspace=\dimen165
\@cmidla=\count266
\@cmidlb=\count267
\@aboverulesep=\dimen166
\@belowrulesep=\dimen167
\@thisruleclass=\count268
\@lastruleclass=\count269
\@thisrulewidth=\dimen168
)
(/usr/share/texlive/texmf-dist/tex/latex/amsmath/amsmath.sty
Package: amsmath 2021/10/15 v2.17l AMS math features
\@mathmargin=\skip50

For additional information on amsmath, use the `?' option.
(/usr/share/texlive/texmf-dist/tex/latex/amsmath/amstext.sty
Package: amstext 2021/08/26 v2.01 AMS text

(/usr/share/texlive/texmf-dist/tex/latex/amsmath/amsgen.sty
File: amsgen.sty 1999/11/30 v2.0 generic functions
\@emptytoks=\toks19
\ex@=\dimen169
))
(/usr/share/texlive/texmf-dist/tex/latex/amsmath/amsbsy.sty
Package: amsbsy 1999/11/29 v1.2d Bold Symbols
\pmbraise@=\dimen170
)
(/usr/share/texlive/texmf-dist/tex/latex/amsmath/amsopn.sty
Package: amsopn 2021/08/26 v2.02 operator names
)
\inf@bad=\count270
LaTeX Info: Redefining \frac on input line 234.
\uproot@=\count271
\leftroot@=\count272
LaTeX Info: Redefining \overline on input line 399.
\classnum@=\count273
\DOTSCASE@=\count274
LaTeX Info: Redefining \ldots on input line 496.
LaTeX Info: Redefining \dots on input line 499.
LaTeX Info: Redefining \cdots on input line 620.
\Mathstrutbox@=\box50
\strutbox@=\box51
\big@size=\dimen171
LaTeX Font Info:    Redeclaring font encoding OML on input line 743.
LaTeX Font Info:    Redeclaring font encoding OMS on input line 744.
\macc@depth=\count275
\c@MaxMatrixCols=\count276
\dotsspace@=\muskip16
\c@parentequation=\count277
\dspbrk@lvl=\count278
\tag@help=\toks20
\row@=\count279
\column@=\count280
\maxfields@=\count281
\andhelp@=\toks21
\eqnshift@=\dimen172
\alignsep@=\dimen173
\tagshift@=\dimen174
\tagwidth@=\dimen175
\totwidth@=\dimen176
\lineht@=\dimen177
\@envbody=\toks22
\multlinegap=\skip51
\multlinetaggap=\skip52
\mathdisplay@stack=\toks23
LaTeX Info: Redefining \[ on input line 2938.
LaTeX Info: Redefining \] on input line 2939.
)
(/usr/share/texlive/texmf-dist/tex/latex/etoolbox/etoolbox.sty
Package: etoolbox 2020/10/05 v2.5k e-TeX tools for LaTeX (JAW)
\etb@tempcnta=\count282
)
(/usr/share/texlive/texmf-dist/tex/latex/fancyhdr/fancyhdr.sty
Package: fancyhdr 2021/01/28 v4.0.1 Extensive control of page headers and foote
rs
\f@nch@headwidth=\skip53
\f@nch@O@elh=\skip54
\f@nch@O@erh=\skip55
\f@nch@O@olh=\skip56
\f@nch@O@orh=\skip57
\f@nch@O@elf=\skip58
\f@nch@O@erf=\skip59
\f@nch@O@olf=\skip60
\f@nch@O@orf=\skip61
)
\SAP@advisorcount=\count283
\SAP@advisortoks=\toks24
\SAP@coadvisorcount=\count284
\SAP@coadvisortoks=\toks25
\SAP@reviewercount=\count285
\SAP@reviewertoks=\toks26
\SAP@directorcount=\count286
\SAP@directortoks=\toks27
\SAP@examinercount=\count287
\SAP@examinertoks=\toks28
)
(/usr/share/texlive/texmf-dist/tex/latex/microtype/microtype.sty
Package: microtype 2021/12/10 v3.0b Micro-typographical refinements (RS)
\MT@toks=\toks29
\MT@count=\count288
\MT@tempbox=\box52
LaTeX Info: Redefining \leftprotrusion on input line 1010.
LaTeX Info: Redefining \rightprotrusion on input line 1018.
LaTeX Info: Redefining \textls on input line 1173.
\MT@outer@kern=\dimen178
LaTeX Info: Redefining \textmicrotypecontext on input line 1759.
\MT@listname@count=\count289

(/usr/share/texlive/texmf-dist/tex/latex/microtype/microtype-pdftex.def
File: microtype-pdftex.def 2021/12/10 v3.0b Definitions specific to pdftex (RS)

LaTeX Info: Redefining \lsstyle on input line 897.
LaTeX Info: Redefining \lslig on input line 897.
\MT@outer@space=\skip62
)
Package microtype Info: Loading configuration file microtype.cfg.

(/usr/share/texlive/texmf-dist/tex/latex/microtype/microtype.cfg
File: microtype.cfg 2021/12/10 v3.0b microtype main configuration file (RS)
))
(/usr/share/texlive/texmf-dist/tex/latex/cite/cite.sty
LaTeX Info: Redefining \cite on input line 302.
LaTeX Info: Redefining \nocite on input line 332.
Package: cite 2015/02/27  v 5.5
)
(/usr/share/texlive/texmf-dist/tex/latex/setspace/setspace.sty
Package: setspace 2011/12/19 v6.7a set line spacing
)
(/usr/share/texlive/texmf-dist/tex/latex/dirtytalk/dirtytalk.sty
Package: dirtytalk 2010/11/21 A package making "quoting" easier

(/usr/share/texlive/texmf-dist/tex/latex/kvoptions/kvoptions.sty
Package: kvoptions 2020-10-07 v3.14 Key value format for package options (HO)

(/usr/share/texlive/texmf-dist/tex/generic/ltxcmds/ltxcmds.sty
Package: ltxcmds 2020-05-10 v1.25 LaTeX kernel commands for general use (HO)
)
(/usr/share/texlive/texmf-dist/tex/generic/kvsetkeys/kvsetkeys.sty
Package: kvsetkeys 2019/12/15 v1.18 Key value parser (HO)
))
(/usr/share/texlive/texmf-dist/tex/latex/base/ifthen.sty
Package: ifthen 2020/11/24 v1.1c Standard LaTeX ifthen package (DPC)
)
\c@dirtytalk@qdepth=\count290
)
(/usr/share/texlive/texmf-dist/tex/latex/natbib/natbib.sty
Package: natbib 2010/09/13 8.31b (PWD, AO)


Package natbib Warning: The `cite' package should not be used
(natbib)                with natbib. Use option `sort' instead.

\bibhang=\skip63
\bibsep=\skip64
LaTeX Info: Redefining \cite on input line 694.
LaTeX Info: Redefining \citenum on input line 708.
\c@NAT@ctr=\count291
) (/usr/share/texlive/texmf-dist/tex/latex/subfig/subfig.sty
Package: subfig 2005/06/28 ver: 1.3 subfig package
\c@KVtest=\count292
\sf@farskip=\skip65
\sf@captopadj=\dimen179
\sf@capskip=\skip66
\sf@nearskip=\skip67
\c@subfigure=\count293
\c@subfigure@save=\count294
\c@lofdepth=\count295
\c@subtable=\count296
\c@subtable@save=\count297
\c@lotdepth=\count298
\sf@top=\skip68
\sf@bottom=\skip69
)
(/usr/share/texlive/texmf-dist/tex/latex/jknapltx/mathrsfs.sty
Package: mathrsfs 1996/01/01 Math RSFS package v1.0 (jk)
\symrsfs=\mathgroup4
)
(/usr/share/texlive/texmf-dist/tex/latex/hyperref/hyperref.sty
Package: hyperref 2021-06-07 v7.00m Hypertext links for LaTeX

(/usr/share/texlive/texmf-dist/tex/generic/pdftexcmds/pdftexcmds.sty
Package: pdftexcmds 2020-06-27 v0.33 Utility functions of pdfTeX for LuaTeX (HO
)

(/usr/share/texlive/texmf-dist/tex/generic/infwarerr/infwarerr.sty
Package: infwarerr 2019/12/03 v1.5 Providing info/warning/error messages (HO)
)
Package pdftexcmds Info: \pdf@primitive is available.
Package pdftexcmds Info: \pdf@ifprimitive is available.
Package pdftexcmds Info: \pdfdraftmode found.
)
(/usr/share/texlive/texmf-dist/tex/generic/kvdefinekeys/kvdefinekeys.sty
Package: kvdefinekeys 2019-12-19 v1.6 Define keys (HO)
)
(/usr/share/texlive/texmf-dist/tex/generic/pdfescape/pdfescape.sty
Package: pdfescape 2019/12/09 v1.15 Implements pdfTeX's escape features (HO)
)
(/usr/share/texlive/texmf-dist/tex/latex/hycolor/hycolor.sty
Package: hycolor 2020-01-27 v1.10 Color options for hyperref/bookmark (HO)
)
(/usr/share/texlive/texmf-dist/tex/latex/letltxmacro/letltxmacro.sty
Package: letltxmacro 2019/12/03 v1.6 Let assignment for LaTeX macros (HO)
)
(/usr/share/texlive/texmf-dist/tex/latex/auxhook/auxhook.sty
Package: auxhook 2019-12-17 v1.6 Hooks for auxiliary files (HO)
)
\@linkdim=\dimen180
\Hy@linkcounter=\count299
\Hy@pagecounter=\count300

(/usr/share/texlive/texmf-dist/tex/latex/hyperref/pd1enc.def
File: pd1enc.def 2021-06-07 v7.00m Hyperref: PDFDocEncoding definition (HO)
Now handling font encoding PD1 ...
... no UTF-8 mapping file for font encoding PD1
)
(/usr/share/texlive/texmf-dist/tex/latex/hyperref/hyperref-langpatches.def
File: hyperref-langpatches.def 2021-06-07 v7.00m Hyperref: patches for babel la
nguages
)
(/usr/share/texlive/texmf-dist/tex/generic/intcalc/intcalc.sty
Package: intcalc 2019/12/15 v1.3 Expandable calculations with integers (HO)
)
(/usr/share/texlive/texmf-dist/tex/generic/etexcmds/etexcmds.sty
Package: etexcmds 2019/12/15 v1.7 Avoid name clashes with e-TeX commands (HO)
)
\Hy@SavedSpaceFactor=\count301

(/usr/share/texlive/texmf-dist/tex/latex/hyperref/puenc.def
File: puenc.def 2021-06-07 v7.00m Hyperref: PDF Unicode definition (HO)
Now handling font encoding PU ...
... no UTF-8 mapping file for font encoding PU
)
Package hyperref Info: Option `bookmarks' set `false' on input line 4073.
Package hyperref Info: Option `hyperfootnotes' set `false' on input line 4073.
Package hyperref Info: Hyper figures OFF on input line 4192.
Package hyperref Info: Link nesting OFF on input line 4197.
Package hyperref Info: Hyper index ON on input line 4200.
Package hyperref Info: Plain pages OFF on input line 4207.
Package hyperref Info: Backreferencing OFF on input line 4212.
Package hyperref Info: Implicit mode ON; LaTeX internals redefined.
Package hyperref Info: Bookmarks OFF on input line 4451.
\c@Hy@tempcnt=\count302

(/usr/share/texlive/texmf-dist/tex/latex/url/url.sty
\Urlmuskip=\muskip17
Package: url 2013/09/16  ver 3.4  Verb mode for urls, etc.
)
LaTeX Info: Redefining \url on input line 4804.
\XeTeXLinkMargin=\dimen181

(/usr/share/texlive/texmf-dist/tex/generic/bitset/bitset.sty
Package: bitset 2019/12/09 v1.3 Handle bit-vector datatype (HO)

(/usr/share/texlive/texmf-dist/tex/generic/bigintcalc/bigintcalc.sty
Package: bigintcalc 2019/12/15 v1.5 Expandable calculations on big integers (HO
)
))
\Fld@menulength=\count303
\Field@Width=\dimen182
\Fld@charsize=\dimen183
Package hyperref Info: Hyper figures OFF on input line 6076.
Package hyperref Info: Link nesting OFF on input line 6081.
Package hyperref Info: Hyper index ON on input line 6084.
Package hyperref Info: backreferencing OFF on input line 6091.
Package hyperref Info: Link coloring OFF on input line 6096.
Package hyperref Info: Link coloring with OCG OFF on input line 6101.
Package hyperref Info: PDF/A mode OFF on input line 6106.
LaTeX Info: Redefining \ref on input line 6146.
LaTeX Info: Redefining \pageref on input line 6150.

(/usr/share/texlive/texmf-dist/tex/latex/base/atbegshi-ltx.sty
Package: atbegshi-ltx 2021/01/10 v1.0c Emulation of the original atbegshi
package with kernel methods
)
\Hy@abspage=\count304
\c@Item=\count305
)
Package hyperref Info: Driver (autodetected): hpdftex.

(/usr/share/texlive/texmf-dist/tex/latex/hyperref/hpdftex.def
File: hpdftex.def 2021-06-07 v7.00m Hyperref driver for pdfTeX

(/usr/share/texlive/texmf-dist/tex/latex/base/atveryend-ltx.sty
Package: atveryend-ltx 2020/08/19 v1.0a Emulation of the original atveryend pac
kage
with kernel methods
)
\Fld@listcount=\count306
\c@bookmark@seq@number=\count307

(/usr/share/texlive/texmf-dist/tex/latex/rerunfilecheck/rerunfilecheck.sty
Package: rerunfilecheck 2019/12/05 v1.9 Rerun checks for auxiliary files (HO)

(/usr/share/texlive/texmf-dist/tex/generic/uniquecounter/uniquecounter.sty
Package: uniquecounter 2019/12/15 v1.4 Provide unlimited unique counter (HO)
)
Package uniquecounter Info: New unique counter `rerunfilecheck' on input line 2
86.
)
\Hy@SectionHShift=\skip70
)
Package hyperref Info: Option `colorlinks' set `true' on input line 27.
LaTeX Font Info:    Trying to load font information for T1+lmr on input line 43
.

(/usr/share/texmf/tex/latex/lm/t1lmr.fd
File: t1lmr.fd 2009/10/30 v1.6 Font defs for Latin Modern
)
(/usr/share/texlive/texmf-dist/tex/latex/l3backend/l3backend-pdftex.def
File: l3backend-pdftex.def 2022-01-12 L3 backend support: PDF output (pdfTeX)
\l__color_backend_stack_int=\count308
\l__pdf_internal_box=\box53
)
(./THESIS_DF.aux)
\openout1 = `THESIS_DF.aux'.

LaTeX Font Info:    Checking defaults for OML/cmm/m/it on input line 43.
LaTeX Font Info:    ... okay on input line 43.
LaTeX Font Info:    Checking defaults for OMS/cmsy/m/n on input line 43.
LaTeX Font Info:    ... okay on input line 43.
LaTeX Font Info:    Checking defaults for OT1/cmr/m/n on input line 43.
LaTeX Font Info:    ... okay on input line 43.
LaTeX Font Info:    Checking defaults for T1/cmr/m/n on input line 43.
LaTeX Font Info:    ... okay on input line 43.
LaTeX Font Info:    Checking defaults for TS1/cmr/m/n on input line 43.
LaTeX Font Info:    ... okay on input line 43.
LaTeX Font Info:    Checking defaults for OMX/cmex/m/n on input line 43.
LaTeX Font Info:    ... okay on input line 43.
LaTeX Font Info:    Checking defaults for U/cmr/m/n on input line 43.
LaTeX Font Info:    ... okay on input line 43.
LaTeX Font Info:    Checking defaults for PD1/pdf/m/n on input line 43.
LaTeX Font Info:    ... okay on input line 43.
LaTeX Font Info:    Checking defaults for PU/pdf/m/n on input line 43.
LaTeX Font Info:    ... okay on input line 43.

*geometry* driver: auto-detecting
*geometry* detected driver: pdftex
*geometry* verbose mode - [ preamble ] result:
* driver: pdftex
* paper: a5paper
* layout: <same size as paper>
* layoutoffset:(h,v)=(0.0pt,0.0pt)
* hratio: 55:89
* vratio: 55:89
* modes: includehead twoside heightrounded 
* h-part:(L,W,R)=(46.25351pt, 300.0pt, 74.84727pt)
* v-part:(T,H,B)=(31.4872pt, 515.06749pt, 50.95319pt)
* \paperwidth=421.10078pt
* \paperheight=597.50787pt
* \textwidth=300.0pt
* \textheight=490.0pt
* \oddsidemargin=-26.01648pt
* \evensidemargin=2.57729pt
* \topmargin=-40.78279pt
* \headheight=12.0pt
* \headsep=18.06749pt
* \topskip=10.0pt
* \footskip=25.29494pt
* \marginparwidth=42.0pt
* \marginparsep=12.0pt
* \columnsep=10.0pt
* \skip\footins=9.0pt plus 4.0pt minus 2.0pt
* \hoffset=0.0pt
* \voffset=0.0pt
* \mag=1000
* \@twocolumnfalse
* \@twosidetrue
* \@mparswitchtrue
* \@reversemarginfalse
* (1in=72.27pt=25.4mm, 1cm=28.453pt)

Package caption Info: Begin \AtBeginDocument code.
Package caption Info: subfig package v1.3 is loaded.
Package caption Info: hyperref package is loaded.
Package caption Info: End \AtBeginDocument code.
(/usr/share/texlive/texmf-dist/tex/context/base/mkii/supp-pdf.mkii
[Loading MPS to PDF converter (version 2006.09.02).]
\scratchcounter=\count309
\scratchdimen=\dimen184
\scratchbox=\box54
\nofMPsegments=\count310
\nofMParguments=\count311
\everyMPshowfont=\toks30
\MPscratchCnt=\count312
\MPscratchDim=\dimen185
\MPnumerator=\count313
\makeMPintoPDFobject=\count314
\everyMPtoPDFconversion=\toks31
) (/usr/share/texlive/texmf-dist/tex/latex/epstopdf-pkg/epstopdf-base.sty
Package: epstopdf-base 2020-01-24 v2.11 Base part for package epstopdf
Package epstopdf-base Info: Redefining graphics rule for `.eps' on input line 4
85.

(/usr/share/texlive/texmf-dist/tex/latex/latexconfig/epstopdf-sys.cfg
File: epstopdf-sys.cfg 2010/07/13 v1.3 Configuration of (r)epstopdf for TeX Liv
e
))
LaTeX Info: Redefining \textsubscript on input line 43.
LaTeX Info: Redefining \microtypecontext on input line 43.
Package microtype Info: Applying patch `item' on input line 43.
Package microtype Info: Applying patch `toc' on input line 43.
Package microtype Info: Applying patch `eqnum' on input line 43.
Package microtype Info: Applying patch `footnote' on input line 43.
Package microtype Info: Generating PDF output.
Package microtype Info: Character protrusion enabled (level 2).
Package microtype Info: Using default protrusion set `alltext'.
Package microtype Info: Automatic font expansion enabled (level 2),
(microtype)             stretch: 20, shrink: 20, step: 1, non-selected.
Package microtype Info: Using default expansion set `alltext-nott'.
LaTeX Info: Redefining \showhyphens on input line 43.
Package microtype Info: No adjustment of tracking.
Package microtype Info: No adjustment of interword spacing.
Package microtype Info: No adjustment of character kerning.

(/usr/share/texlive/texmf-dist/tex/latex/microtype/mt-cmr.cfg
File: mt-cmr.cfg 2013/05/19 v2.2 microtype config. file: Computer Modern Roman 
(RS)
)
Package hyperref Info: Link coloring ON on input line 43.

(/usr/share/texlive/texmf-dist/tex/latex/hyperref/nameref.sty
Package: nameref 2021-04-02 v2.47 Cross-referencing by name of section

(/usr/share/texlive/texmf-dist/tex/latex/refcount/refcount.sty
Package: refcount 2019/12/15 v3.6 Data extraction from label references (HO)
)
(/usr/share/texlive/texmf-dist/tex/generic/gettitlestring/gettitlestring.sty
Package: gettitlestring 2019/12/15 v1.6 Cleanup title references (HO)
)
\c@section@level=\count315
)
LaTeX Info: Redefining \ref on input line 43.
LaTeX Info: Redefining \pageref on input line 43.
LaTeX Info: Redefining \nameref on input line 43.
\SAP@parboxindent=\skip71
\SAP@parboxwidth=\skip72
LaTeX Font Info:    Trying to load font information for T1+lmss on input line 4
6.

(/usr/share/texmf/tex/latex/lm/t1lmss.fd
File: t1lmss.fd 2009/10/30 v1.6 Font defs for Latin Modern
)
Package microtype Info: Loading generic protrusion settings for font family
(microtype)             `lmss' (encoding: T1).
(microtype)             For optimal results, create family-specific settings.
(microtype)             See the microtype manual for details.
<sapienzalogo.pdf, id=4, 288.07625pt x 89.33376pt>
File: sapienzalogo.pdf Graphic file (type pdf)
<use sapienzalogo.pdf>
Package pdftex.def Info: sapienzalogo.pdf  used on input line 46.
(pdftex.def)             Requested size: 113.81102pt x 35.29393pt.
 [1


{/var/lib/texmf/fonts/map/pdftex/updmap/pdftex.map} </usr/share/texlive/texmf-d
ist/tex/latex/sapthesis/sapienzalogo.pdf>]
LaTeX Font Info:    Trying to load font information for TS1+lmr on input line 4
6.
 (/usr/share/texmf/tex/latex/lm/ts1lmr.fd
File: ts1lmr.fd 2009/10/30 v1.6 Font defs for Latin Modern
)
Underfull \hbox (badness 10000) in paragraph at lines 46--46

 []

LaTeX Font Info:    Trying to load font information for OT1+lmr on input line 4
6.
(/usr/share/texmf/tex/latex/lm/ot1lmr.fd
File: ot1lmr.fd 2009/10/30 v1.6 Font defs for Latin Modern
)
LaTeX Font Info:    Trying to load font information for OML+lmm on input line 4
6.

(/usr/share/texmf/tex/latex/lm/omllmm.fd
File: omllmm.fd 2009/10/30 v1.6 Font defs for Latin Modern
)
LaTeX Font Info:    Trying to load font information for OMS+lmsy on input line 
46.

(/usr/share/texmf/tex/latex/lm/omslmsy.fd
File: omslmsy.fd 2009/10/30 v1.6 Font defs for Latin Modern
)
LaTeX Font Info:    Trying to load font information for OMX+lmex on input line 
46.

(/usr/share/texmf/tex/latex/lm/omxlmex.fd
File: omxlmex.fd 2009/10/30 v1.6 Font defs for Latin Modern
)
LaTeX Font Info:    External font `lmex10' loaded for size
(Font)              <9> on input line 46.
LaTeX Font Info:    External font `lmex10' loaded for size
(Font)              <6> on input line 46.
LaTeX Font Info:    External font `lmex10' loaded for size
(Font)              <5> on input line 46.
LaTeX Font Info:    Trying to load font information for U+rsfs on input line 46
.

(/usr/share/texlive/texmf-dist/tex/latex/jknapltx/ursfs.fd
File: ursfs.fd 1998/03/24 rsfs font definition file (jk)
)
Underfull \hbox (badness 10000) in paragraph at lines 46--46

 []

[2

] [3


] [4

] [5] [6

] [7] [8

] (./THESIS_DF.toc
LaTeX Font Info:    External font `lmex10' loaded for size
(Font)              <10> on input line 3.
LaTeX Font Info:    External font `lmex10' loaded for size
(Font)              <7> on input line 3.
 [9])
\tf@toc=\write3
\openout3 = `THESIS_DF.toc'.

 [10] (./THESIS_DF.lof
Overfull \hbox (1.26974pt too wide) in paragraph at lines 5--5
 [][] [][][]\T1/lmr/m/n/10 (-20) Computational cell for nu-mer-i-cal flux eval-
u-a-tion. []$\OT1/lmr/m/n/10 (-20) ^^A\OML/lmm/m/it/10 S[]$[] 
 []

[11

])
\tf@lof=\write4
\openout4 = `THESIS_DF.lof'.


Underfull \vbox (badness 10000) has occurred while \output is active []

 [12]
[13] [14

] (./THESIS_DF.lot)
\tf@lot=\write5
\openout5 = `THESIS_DF.lot'.

 [15] [16

]
Chapter 1.
pdfTeX warning (ext4): destination with the same identifier (name{page.1}) has 
been already used, duplicate ignored
<to be read again> 
                   \relax 
l.82 		I
        mproved understanding of the entry/exit edge noise generated on land...
[1

]pdfTeX warning (ext4): destination with the same identifier (name{page.2}) has
 been already used, duplicate ignored
<to be read again> 
                   \relax 
l.98 	
       [2]pdfTeX warning (ext4): destination with the same identifier (name{pag
e.3}) has been already used, duplicate ignored
<to be read again> 
                   \relax 
l.98 	
       [3]pdfTeX warning (ext4): destination with the same identifier (name{pag
e.4}) has been already used, duplicate ignored
<to be read again> 
                   \relax 
l.99 	\chapter
              {Literature Review} [4]
Chapter 2.

Underfull \hbox (badness 10000) in paragraph at lines 108--109

 []

pdfTeX warning (ext4): destination with the same identifier (name{page.5}) has 
been already used, duplicate ignored
<to be read again> 
                   \relax 
l.109 	
        [5

]
Underfull \hbox (badness 10000) in paragraph at lines 116--120

 []


Underfull \hbox (badness 10000) in paragraph at lines 134--138

 []

pdfTeX warning (ext4): destination with the same identifier (name{page.6}) has 
been already used, duplicate ignored
<to be read again> 
                   \relax 
l.138 	
        [6]pdfTeX warning (ext4): destination with the same identifier (name{pa
ge.7}) has been already used, duplicate ignored
<to be read again> 
                   \relax 
l.156 	
        [7]
<Figures/OpenFOAM_structure.pdf, id=308, 1445.4pt x 813.0375pt>
File: Figures/OpenFOAM_structure.pdf Graphic file (type pdf)
<use Figures/OpenFOAM_structure.pdf>
Package pdftex.def Info: Figures/OpenFOAM_structure.pdf  used on input line 159
.
(pdftex.def)             Requested size: 300.0pt x 168.74556pt.
pdfTeX warning (ext4): destination with the same identifier (name{page.8}) has 
been already used, duplicate ignored
<to be read again> 
                   \relax 
l.173 	\end{itemize}
                     [8 <./Figures/OpenFOAM_structure.pdf>]
<Figures/Case_directory_structure.pdf, id=332, 1445.4pt x 813.0375pt>
File: Figures/Case_directory_structure.pdf Graphic file (type pdf)
<use Figures/Case_directory_structure.pdf>
Package pdftex.def Info: Figures/Case_directory_structure.pdf  used on input li
ne 187.
(pdftex.def)             Requested size: 225.0pt x 126.55296pt.
pdfTeX warning (ext4): destination with the same identifier (name{page.9}) has 
been already used, duplicate ignored
<to be read again> 
                   \relax 
l.190 	\end{figure}
                    [9]pdfTeX warning (ext4): destination with the same identif
ier (name{page.10}) has been already used, duplicate ignored
<to be read again> 
                   \relax 
l.202 	
        [10 <./Figures/Case_directory_structure.pdf>]
Overfull \hbox (6.90193pt too wide) detected at line 223
[][][] [][] [] \OML/lmm/m/it/10 dV \OT1/lmr/m/n/10 + [][] [] \OML/lmm/m/it/10 d
S \OMS/lmsy/m/n/10 ^^@ [][] [] \OML/lmm/m/it/10 dS \OT1/lmr/m/n/10 = [][] [] \O
ML/lmm/m/it/10 dV
 []

pdfTeX warning (ext4): destination with the same identifier (name{page.11}) has
 been already used, duplicate ignored
<to be read again> 
                   \relax 
l.223 	\end{equation}
                      [11]
Overfull \hbox (23.29478pt too wide) detected at line 231
[][][][] [] \OMS/lmsy/m/n/10 ^^A [] \OML/lmm/m/it/10 dS \OT1/lmr/m/n/10 = [] []
[] [] \OMS/lmsy/m/n/10 ^^A [] \OML/lmm/m/it/10 dS \OMS/lmsy/m/n/10 ' []\OT1/lmr
/m/n/10 ([])[] \OMS/lmsy/m/n/10 ^^A [] \OML/lmm/m/it/10 S[] \OT1/lmr/m/n/10 = [
](\OML/lmm/m/it/10 ^^Zu^^^\OT1/lmr/m/n/10 )[] \OMS/lmsy/m/n/10 ^^A [] \OML/lmm/
m/it/10 S[]
 []


Overfull \hbox (7.15288pt too wide) detected at line 260
[][][] [][] [] \OML/lmm/m/it/10 dV \OT1/lmr/m/n/10 + [](\OML/lmm/m/it/10 ^^Zu^^
^\OT1/lmr/m/n/10 )[] \OMS/lmsy/m/n/10 ^^A [] \OML/lmm/m/it/10 S[] \OMS/lmsy/m/n
/10 ^^@ []\OT1/lmr/m/n/10 (\OML/lmm/m/it/10 ^^Z\OT1/lmr/m/n/10 ^^@[]\OMS/lmsy/m
/n/10 r\OML/lmm/m/it/10 ^^^\OT1/lmr/m/n/10 )[] \OMS/lmsy/m/n/10 ^^A [] \OML/lmm
/m/it/10 S[] \OT1/lmr/m/n/10 = \OML/lmm/m/it/10 S[]V[] \OT1/lmr/m/n/10 + \OML/l
mm/m/it/10 S[]V[]^^^[]
 []

pdfTeX warning (ext4): destination with the same identifier (name{page.12}) has
 been already used, duplicate ignored
<to be read again> 
                   \relax 
l.264 	
        [12]
Underfull \vbox (badness 1509) has occurred while \output is active []

pdfTeX warning (ext4): destination with the same identifier (name{page.13}) has
 been already used, duplicate ignored
<to be read again> 
                   \relax 
l.283 	
        [13]pdfTeX warning (ext4): destination with the same identifier (name{p
age.14}) has been already used, duplicate ignored
<to be read again> 
                   \relax 
l.293 	
        [14]pdfTeX warning (ext4): destination with the same identifier (name{p
age.15}) has been already used, duplicate ignored
<to be read again> 
                   \relax 
l.300 	
        [15]pdfTeX warning (ext4): destination with the same identifier (name{p
age.16}) has been already used, duplicate ignored
<to be read again> 
                   \relax 
l.309 	
        [16]
Underfull \hbox (badness 10000) in paragraph at lines 312--314

 []

[17]
Overfull \hbox (3.02716pt too wide) in paragraph at lines 333--334
[]\T1/lmr/m/n/10 (-20) In the fi-nite vol-ume (FV) frame-work, up-wind-ing is t
yp-i-cally achieved
 []

[18] [19] [20] [21]
<Figures/CELL3D.png, id=460, 447.17062pt x 288.3272pt>
File: Figures/CELL3D.png Graphic file (type png)
<use Figures/CELL3D.png>
Package pdftex.def Info: Figures/CELL3D.png  used on input line 475.
(pdftex.def)             Requested size: 119.99817pt x 77.36983pt.
 [22 <./Figures/CELL3D.png>] [23] [24] [25]
Underfull \hbox (badness 10000) in paragraph at lines 610--612

 []


Underfull \hbox (badness 10000) in paragraph at lines 614--616

 []


Underfull \hbox (badness 10000) in paragraph at lines 618--621

 []


Underfull \hbox (badness 10000) in paragraph at lines 646--651

 []

[26]
Underfull \hbox (badness 10000) in paragraph at lines 654--657

 []

[27] [28] [29] [30] [31] [32] [33] [34]
LaTeX Font Info:    Trying to load font information for T1+lmtt on input line 8
74.

(/usr/share/texmf/tex/latex/lm/t1lmtt.fd
File: t1lmtt.fd 2009/10/30 v1.6 Font defs for Latin Modern
)
Package microtype Info: Loading generic protrusion settings for font family
(microtype)             `lmtt' (encoding: T1).
(microtype)             For optimal results, create family-specific settings.
(microtype)             See the microtype manual for details.

Underfull \vbox (badness 2538) has occurred while \output is active []

 [35]
[36] [37] [38] [39]
Underfull \hbox (badness 10000) in paragraph at lines 928--952

 []


LaTeX Warning: `h' float specifier changed to `ht'.

[40] [41] [42]
Overfull \hbox (6.10074pt too wide) in paragraph at lines 1005--1007
\T1/lmr/m/n/10 (-20) The Spalart-Allmaras (SA) model is a one-equation tur-bu-l
ence model[[]]
 []

[43]

LaTeX Warning: `h' float specifier changed to `ht'.

[44]
Underfull \hbox (badness 10000) in paragraph at lines 1088--1090

 []


Overfull \hbox (3.95021pt too wide) detected at line 1093
[][][] \OT1/lmr/m/n/10 + [] = [] [] + \OML/lmm/m/it/10 C[][]\OT1/lmr/m/n/10 (\O
ML/lmm/m/it/10 P[] \OT1/lmr/m/n/10 + \OML/lmm/m/it/10 C[]P[]\OT1/lmr/m/n/10 ) \
OMS/lmsy/m/n/10 ^^@ \OML/lmm/m/it/10 C[]^^Z[] \OT1/lmr/m/n/10 + \OML/lmm/m/it/1
0 S[]
 []

[45]
Underfull \hbox (badness 10000) in paragraph at lines 1112--1114

 []

[46] [47] [48] [49] [50]
Chapter 3.
[51

]
<Figures/CELL.png, id=754, 1219.55624pt x 560.0925pt>
File: Figures/CELL.png Graphic file (type png)
<use Figures/CELL.png>
Package pdftex.def Info: Figures/CELL.png  used on input line 1286.
(pdftex.def)             Requested size: 119.99817pt x 55.10661pt.


LaTeX Warning: `h' float specifier changed to `ht'.

[52] [53 <./Figures/CELL.png>]

LaTeX Warning: `h' float specifier changed to `ht'.


Overfull \hbox (23.12909pt too wide) in paragraph at lines 1375--1378
\T1/lmr/m/n/10 (-20) is ad-vanced in time us-ing a low-storage third-order, thr
ee-stage Runge^^UKutta
 []

[54]
Overfull \hbox (15.3612pt too wide) detected at line 1414
[][][] \OT1/lmr/m/n/10 = \OMS/lmsy/m/n/10 ^^@[] [] \OML/lmm/m/it/10 :
 []

[55] [56] [57] [58

]
Chapter 4.
[59]

pdfTeX warning: /usr/bin/pdflatex (file ./TGV.pdf): PDF inclusion: found PDF ve
rsion <1.7>, but at most version <1.5> allowed
<TGV.pdf, id=843, 844.83801pt x 321.9635pt>
File: TGV.pdf Graphic file (type pdf)
<use TGV.pdf>
Package pdftex.def Info: TGV.pdf  used on input line 1516.
(pdftex.def)             Requested size: 297.00165pt x 113.18509pt.
[60]

pdfTeX warning: /usr/bin/pdflatex (file ./TGV_Qcriterion.pdf): PDF inclusion: f
ound PDF version <1.7>, but at most version <1.5> allowed
<TGV_Qcriterion.pdf, id=850, 441.42816pt x 321.96384pt>
File: TGV_Qcriterion.pdf Graphic file (type pdf)
<use TGV_Qcriterion.pdf>
Package pdftex.def Info: TGV_Qcriterion.pdf  used on input line 1525.
(pdftex.def)             Requested size: 198.0011pt x 144.41566pt.


pdfTeX warning: /usr/bin/pdflatex (file ./TGV_Enstrophy.pdf): PDF inclusion: fo
und PDF version <1.7>, but at most version <1.5> allowed
<TGV_Enstrophy.pdf, id=851, 401.24104pt x 324.05165pt>
File: TGV_Enstrophy.pdf Graphic file (type pdf)
<use TGV_Enstrophy.pdf>
Package pdftex.def Info: TGV_Enstrophy.pdf  used on input line 1532.
(pdftex.def)             Requested size: 198.0011pt x 159.90912pt.
[61 <./TGV.pdf>] [62 <./TGV_Qcriterion.pdf> <./TGV_Enstrophy.pdf>]

pdfTeX warning: /usr/bin/pdflatex (file ./FS.pdf): PDF inclusion: found PDF ver
sion <1.7>, but at most version <1.5> allowed
<FS.pdf, id=878, 727.21687pt x 364.36125pt>
File: FS.pdf Graphic file (type pdf)
<use FS.pdf>
Package pdftex.def Info: FS.pdf  used on input line 1546.
(pdftex.def)             Requested size: 282.00446pt x 127.39491pt.


pdfTeX warning: /usr/bin/pdflatex (file ./FS_velocity.pdf): PDF inclusion: foun
d PDF version <1.7>, but at most version <1.5> allowed
<FS_velocity.pdf, id=879, 846.59145pt x 290.37053pt>
File: FS_velocity.pdf Graphic file (type pdf)
<use FS_velocity.pdf>
Package pdftex.def Info: FS_velocity.pdf  used on input line 1553.
(pdftex.def)             Requested size: 209.99908pt x 72.02531pt.


pdfTeX warning: /usr/bin/pdflatex (file ./FS_velocitybar.pdf): PDF inclusion: f
ound PDF version <1.7>, but at most version <1.5> allowed
<FS_velocitybar.pdf, id=880, 107.65219pt x 252.19218pt>
File: FS_velocitybar.pdf Graphic file (type pdf)
<use FS_velocitybar.pdf>
Package pdftex.def Info: FS_velocitybar.pdf  used on input line 1556.
(pdftex.def)             Requested size: 30.00113pt x 78.40195pt.
[63] [64 <./FS.pdf> <./FS_velocity.pdf> <./FS_velocitybar.pdf>] [65]

pdfTeX warning: /usr/bin/pdflatex (file ./pressure_coeff_cylinder.pdf): PDF inc
lusion: found PDF version <1.7>, but at most version <1.5> allowed
<pressure_coeff_cylinder.pdf, id=910, 701.44414pt x 595.87321pt>
File: pressure_coeff_cylinder.pdf Graphic file (type pdf)
<use pressure_coeff_cylinder.pdf>
Package pdftex.def Info: pressure_coeff_cylinder.pdf  used on input line 1576.
(pdftex.def)             Requested size: 173.69843pt x 147.54955pt.

LaTeX Warning: `h' float specifier changed to `ht'.



pdfTeX warning: /usr/bin/pdflatex (file ./Cylinder_u.pdf): PDF inclusion: found
 PDF version <1.7>, but at most version <1.5> allowed
<Cylinder_u.pdf, id=913, 844.74538pt x 380.49437pt>
File: Cylinder_u.pdf Graphic file (type pdf)
<use Cylinder_u.pdf>
Package pdftex.def Info: Cylinder_u.pdf  used on input line 1585.
(pdftex.def)             Requested size: 270.0018pt x 132.30414pt.


pdfTeX warning: /usr/bin/pdflatex (file ./Cylinder_v.pdf): PDF inclusion: found
 PDF version <1.7>, but at most version <1.5> allowed
<Cylinder_v.pdf, id=914, 844.74538pt x 380.49437pt>
File: Cylinder_v.pdf Graphic file (type pdf)
<use Cylinder_v.pdf>
Package pdftex.def Info: Cylinder_v.pdf  used on input line 1588.
(pdftex.def)             Requested size: 270.0018pt x 132.30414pt.


pdfTeX warning: /usr/bin/pdflatex (file ./Des_cylinder.pdf): PDF inclusion: fou
nd PDF version <1.7>, but at most version <1.5> allowed
<Des_cylinder.pdf, id=915, 844.47797pt x 292.62225pt>
File: Des_cylinder.pdf Graphic file (type pdf)
<use Des_cylinder.pdf>
Package pdftex.def Info: Des_cylinder.pdf  used on input line 1595.
(pdftex.def)             Requested size: 293.99872pt x 101.87457pt.
[66]
Underfull \vbox (badness 2229) has occurred while \output is active []

 [67 <./pressure_coeff_cylinder.pdf>] [68 <./Cylinder_u.pdf> <./Cylinder_v.pdf>
 <./Des_cylinder.pdf>] [69]

pdfTeX warning: /usr/bin/pdflatex (file ./RAE2822_pressurefield.pdf): PDF inclu
sion: found PDF version <1.7>, but at most version <1.5> allowed
<RAE2822_pressurefield.pdf, id=960, 842.44148pt x 354.2647pt>
File: RAE2822_pressurefield.pdf Graphic file (type pdf)
<use RAE2822_pressurefield.pdf>
Package pdftex.def Info: RAE2822_pressurefield.pdf  used on input line 1617.
(pdftex.def)             Requested size: 269.99817pt x 113.54pt.


pdfTeX warning: /usr/bin/pdflatex (file ./Cp_RAE2822.pdf): PDF inclusion: found
 PDF version <1.7>, but at most version <1.5> allowed
<Cp_RAE2822.pdf, id=961, 408.02437pt x 372.64218pt>
File: Cp_RAE2822.pdf Graphic file (type pdf)
<use Cp_RAE2822.pdf>
Package pdftex.def Info: Cp_RAE2822.pdf  used on input line 1624.
(pdftex.def)             Requested size: 150.0pt x 136.99411pt.
[70 <./RAE2822_pressurefield.pdf>]

pdfTeX warning: /usr/bin/pdflatex (file ./Ducros.pdf): PDF inclusion: found PDF
 version <1.7>, but at most version <1.5> allowed
<Ducros.pdf, id=972, 641.39626pt x 569.12625pt>
File: Ducros.pdf Graphic file (type pdf)
<use Ducros.pdf>
Package pdftex.def Info: Ducros.pdf  used on input line 1636.
(pdftex.def)             Requested size: 194.99431pt x 156.80112pt.


pdfTeX warning: /usr/bin/pdflatex (file ./Ducros_bar.pdf): PDF inclusion: found
 PDF version <1.7>, but at most version <1.5> allowed
<Ducros_bar.pdf, id=973, 408.02437pt x 59.47218pt>
File: Ducros_bar.pdf Graphic file (type pdf)
<use Ducros_bar.pdf>
Package pdftex.def Info: Ducros_bar.pdf  used on input line 1638.
(pdftex.def)             Requested size: 180.00183pt x 26.2368pt.


pdfTeX warning: /usr/bin/pdflatex (file ./Cp_contours_oneram6_1.pdf): PDF inclu
sion: found PDF version <1.7>, but at most version <1.5> allowed
<Cp_contours_oneram6_1.pdf, id=974, 763.79953pt x 358.58766pt>
File: Cp_contours_oneram6_1.pdf Graphic file (type pdf)
<use Cp_contours_oneram6_1.pdf>
Package pdftex.def Info: Cp_contours_oneram6_1.pdf  used on input line 1645.
(pdftex.def)             Requested size: 284.99908pt x 133.8025pt.
[71 <./Cp_RAE2822.pdf>] [72 <./Ducros.pdf> <./Ducros_bar.pdf> <./Cp_contours_on
eram6_1.pdf>]

pdfTeX warning: /usr/bin/pdflatex (file ./Cp_oneram6.pdf): PDF inclusion: found
 PDF version <1.7>, but at most version <1.5> allowed
<Cp_oneram6.pdf, id=1007, 733.7336pt x 595.81372pt>
File: Cp_oneram6.pdf Graphic file (type pdf)
<use Cp_oneram6.pdf>
Package pdftex.def Info: Cp_oneram6.pdf  used on input line 1654.
(pdftex.def)             Requested size: 284.99908pt x 231.43pt.
[73 <./Cp_oneram6.pdf>] [74

]
Chapter 5.
[75] [76

] (./THESIS_DF.bbl [77

]
Underfull \hbox (badness 1043) in paragraph at lines 138--145
[]\T1/lmr/m/n/10 (+20) P. Lax and B. Wen-droff.  Sys-tems of con-ser-va-tion la
ws.
 []


Underfull \hbox (badness 1033) in paragraph at lines 138--145
\T1/lmr/m/n/10 (+20) URL [][]$\T1/lmtt/m/n/10 https : / / onlinelibrary . wiley
 . com / doi / abs / 10 . 1002 /
 []

[78] [79] [80]) [81] (./THESIS_DF.aux) ) 
Here is how much of TeX's memory you used:
 15693 strings out of 478287
 254807 string characters out of 5849288
 585924 words of memory out of 5000000
 32911 multiletter control sequences out of 15000+600000
 602541 words of font info for 266 fonts, out of 8000000 for 9000
 1141 hyphenation exceptions out of 8191
 84i,12n,131p,2104b,531s stack positions out of 5000i,500n,10000p,200000b,80000s
{/usr/share/texmf/fonts/enc/dvips/lm/lm
-mathsy.enc}{/usr/share/texmf/fonts/enc/dvips/lm/lm-rm.enc}{/usr/share/texmf/fo
nts/enc/dvips/lm/lm-ec.enc}{/usr/share/texmf/fonts/enc/dvips/lm/lm-mathit.enc}{
/usr/share/texmf/fonts/enc/dvips/lm/lm-mathex.enc}{/usr/share/texmf/fonts/enc/d
vips/lm/lm-ts1.enc}</usr/share/texmf/fonts/type1/public/lm/lmbx10.pfb></usr/sha
re/texmf/fonts/type1/public/lm/lmbx12.pfb></usr/share/texmf/fonts/type1/public/
lm/lmbx7.pfb></usr/share/texmf/fonts/type1/public/lm/lmbx9.pfb></usr/share/texm
f/fonts/type1/public/lm/lmbxi10.pfb></usr/share/texmf/fonts/type1/public/lm/lme
x10.pfb></usr/share/texmf/fonts/type1/public/lm/lmmi10.pfb></usr/share/texmf/fo
nts/type1/public/lm/lmmi5.pfb></usr/share/texmf/fonts/type1/public/lm/lmmi6.pfb
></usr/share/texmf/fonts/type1/public/lm/lmmi7.pfb></usr/share/texmf/fonts/type
1/public/lm/lmmi9.pfb></usr/share/texmf/fonts/type1/public/lm/lmmib10.pfb></usr
/share/texmf/fonts/type1/public/lm/lmr10.pfb></usr/share/texmf/fonts/type1/publ
ic/lm/lmr5.pfb></usr/share/texmf/fonts/type1/public/lm/lmr6.pfb></usr/share/tex
mf/fonts/type1/public/lm/lmr7.pfb></usr/share/texmf/fonts/type1/public/lm/lmr9.
pfb></usr/share/texmf/fonts/type1/public/lm/lmri10.pfb></usr/share/texmf/fonts/
type1/public/lm/lmro10.pfb></usr/share/texmf/fonts/type1/public/lm/lmss10.pfb><
/usr/share/texmf/fonts/type1/public/lm/lmss12.pfb></usr/share/texmf/fonts/type1
/public/lm/lmssbx10.pfb></usr/share/texmf/fonts/type1/public/lm/lmsy10.pfb></us
r/share/texmf/fonts/type1/public/lm/lmsy5.pfb></usr/share/texmf/fonts/type1/pub
lic/lm/lmsy6.pfb></usr/share/texmf/fonts/type1/public/lm/lmsy7.pfb></usr/share/
texmf/fonts/type1/public/lm/lmsy9.pfb></usr/share/texmf/fonts/type1/public/lm/l
mtt10.pfb></usr/share/texlive/texmf-dist/fonts/type1/public/rsfs/rsfs10.pfb>
Output written on THESIS_DF.pdf (97 pages, 4502961 bytes).
PDF statistics:
 1277 PDF objects out of 1440 (max. 8388607)
 1047 compressed objects within 11 object streams
 351 named destinations out of 1000 (max. 500000)
 76394 words of extra memory for PDF output out of 89155 (max. 10000000)

